<?xml version="1.0" encoding="UTF-8"?>
<testsuite xmlns:xsi="http://www.w3.org/2001/XMLSchema-instance" xsi:noNamespaceSchemaLocation="https://maven.apache.org/surefire/maven-surefire-plugin/xsd/surefire-test-report.xsd" name="revisagoogle.Runner" time="13.046" tests="4" errors="0" skipped="0" failures="0">
  <properties>
[...]
</properties>
  <testcase name="Given que acesso o site do Google" classname="Scenario: Volta as Aulas" time="0.001"/>
  <testcase name="When pesquiso por &quot;Volta as Aulas&quot;" classname="Scenario: Volta as Aulas" time="0"/>
  <testcase name="Then exibe no titulo da aba &quot;Volta as Aulas - Pesquisa Google&quot;" classname="Scenario: Volta as Aulas" time="0"/>
  <testcase name="Scenario: Volta as Aulas" classname="Scenario: Volta as Aulas" time="0.689"/>
</testsuite>